"File: HT8_it.c      Holtek Cross-Assembler  Version 3.00      Page 1



;  75: {
  75  0000              __stm0ah EQU [02dH]
  75  0000              __stm0al EQU [02cH]
  75  0000              __stm0dh EQU [02bH]
  75  0000              __stm0dl EQU [02aH]
  75  0000              __stm0c1 EQU [029H]
  75  0000              __stm0c0 EQU [028H]
  75  0000              __pasr EQU [026H]
  75  0000              __rstc EQU [025H]
  75  0000              __sadc2 EQU [024H]
  75  0000              __sadc1 EQU [023H]
  75  0000              __sadc0 EQU [022H]
  75  0000              __sadoh EQU [021H]
  75  0000              __sadol EQU [020H]
  75  0000              __eed EQU [01fH]
  75  0000              __eea EQU [01eH]
  75  0000              __smod1 EQU [01cH]
  75  0000              __tbc EQU [01bH]
  75  0000              __wdtc EQU [019H]
  75  0000              __ifs0 EQU [018H]
  75  0000              __pawu EQU [017H]
  75  0000              __papu EQU [016H]
  75  0000              __pac EQU [015H]
  75  0000              __pa EQU [014H]
  75  0000              __mfi0 EQU [011H]
  75  0000              __intc1 EQU [0fH]
  75  0000              __intc0 EQU [0eH]
  75  0000              __integ EQU [0dH]
  75  0000              __smod EQU [0bH]
  75  0000              __status EQU [0aH]
  75  0000              __tblh EQU [08H]
  75  0000              __tblp EQU [07H]
  75  0000              __pcl EQU [06H]
  75  0000              __acc EQU [05H]
  75  0000              __bp EQU [04H]
  75  0000              __mp1 EQU [03H]
  75  0000              __iar1 EQU [02H]
  75  0000              __mp0 EQU [01H]
  75  0000              __iar0 EQU [00H]
  75  0000              @@Timer_ISR .SECTION AT 010H 'CODE'
  75  0000  0004        RETI

;  88: {
  88  0000              @@EEPROM_ISR .SECTION AT 014H 'CODE'
  88  0000  0004        RETI

; 101: {
 101  0000              @@ADC_ISR .SECTION AT 018H 'CODE'
 101  0000  0004        RETI


        0 Errors
