"File: car2.c        Holtek Cross-Assembler  Version 3.00      Page 1



;  27: {
  27  0000              __stm0ah EQU [02dH]
  27  0000              __stm0al EQU [02cH]
  27  0000              __stm0dh EQU [02bH]
  27  0000              __stm0dl EQU [02aH]
  27  0000              __stm0c1 EQU [029H]
  27  0000              __stm0c0 EQU [028H]
  27  0000              __pasr EQU [026H]
  27  0000              __rstc EQU [025H]
  27  0000              __sadc2 EQU [024H]
  27  0000              __sadc1 EQU [023H]
  27  0000              __sadc0 EQU [022H]
  27  0000              __sadoh EQU [021H]
  27  0000              __sadol EQU [020H]
  27  0000              __eed EQU [01fH]
  27  0000              __eea EQU [01eH]
  27  0000              __smod1 EQU [01cH]
  27  0000              __tbc EQU [01bH]
  27  0000              __wdtc EQU [019H]
  27  0000              __ifs0 EQU [018H]
  27  0000              __pawu EQU [017H]
  27  0000              __papu EQU [016H]
  27  0000              __pac EQU [015H]
  27  0000              __pa EQU [014H]
  27  0000              __mfi0 EQU [011H]
  27  0000              __intc1 EQU [0fH]
  27  0000              __intc0 EQU [0eH]
  27  0000              __integ EQU [0dH]
  27  0000              __smod EQU [0bH]
  27  0000              __status EQU [0aH]
  27  0000              __tblh EQU [08H]
  27  0000              __tblp EQU [07H]
  27  0000              __pcl EQU [06H]
  27  0000              __acc EQU [05H]
  27  0000              __bp EQU [04H]
  27  0000              __mp1 EQU [03H]
  27  0000              __iar1 EQU [02H]
  27  0000              __mp0 EQU [01H]
  27  0000              __iar0 EQU [00H]
  27  0000              @@INT_ISR .SECTION AT 04H 'CODE'
  27  0000  2800     R  JMP _INT_ISR
  27  0000              @INT_ISR .SECTION 'CODE'
  27  0000              _INT_ISR PROC
  27  0000  0080     E  MOV V1A,A
  27  0001  070A        MOV A,[0AH]
  27  0002  0080     E  MOV V1S,A
  27  0003  0703        MOV A,[03H]
  27  0004  0080     E  MOV V1MP1,A
  27  0005  0704        MOV A,[04H]
  27  0006  0080     E  MOV V1BP,A

;  28: 	cnt=0;
  28  0007  0F00     R  MOV A,BANK _cnt
  28  0008  0084        MOV [04H],A
  28  0009  0F00     R  MOV A,OFFSET _cnt
  28  000A  0083        MOV [03H],A
  28  000B  1F02        CLR [02H]
"File: car2.c        Holtek Cross-Assembler  Version 3.00      Page 2 

  28  000C  1483        INC [03H]
  28  000D  1F02        CLR [02H]

;  29: 	if(!sig){
  29  000E  3D14        SZ [014H].2
  29  000F  2800     R  JMP L6

;  30: 		STM_DISABLE();
  30  0010  35A8        CLR [028H].3

;  31: 		STM_ENABLE();
  31  0011  31A8        SET [028H].3

;  32: 		STM_RUN();
  32  0012  37A8        CLR [028H].7

;  33: 		}else{
  33  0013  2800     R  JMP L7
  33  0014              L6:

;  35: 			STM_PAUSE();
  35  0014  33A8        SET [028H].7

;  36: 			t1=STM_GET_COUNTER_VALUE();
  36  0015  072B        MOV A,__stm0dh
  36  0016  0080     R  MOV b0_1[1],A
  36  0017  1F00     R  CLR b0_1
  36  0018  072A        MOV A,__stm0dl
  36  0019  0080     R  MOV b1_1,A
  36  001A  1F00     R  CLR b1_1[1]
  36  001B  0700     R  MOV A,b0_1
  36  001C  0500     R  OR A,b1_1
  36  001D  0080     R  MOV b0_1,A
  36  001E  0700     R  MOV A,b0_1[1]
  36  001F  0500     R  OR A,b1_1[1]
  36  0020  0080     R  MOV b0_1[1],A
  36  0021  0F00     R  MOV A,BANK _t1
  36  0022  0084        MOV [04H],A
  36  0023  0F00     R  MOV A,OFFSET _t1
  36  0024  0083        MOV [03H],A
  36  0025  0700     R  MOV A,b0_1
  36  0026  0082        MOV [02H],A
  36  0027  0700     R  MOV A,b0_1[1]
  36  0028  1483        INC [03H]
  36  0029  0082        MOV [02H],A

;  37: 			STM_DISABLE();
  37  002A  35A8        CLR [028H].3

;  38: 			STM_ENABLE();
  38  002B  31A8        SET [028H].3

;  39: 			if(t1>768){
  39  002C  0F00     R  MOV A,BANK _t1
  39  002D  0084        MOV [04H],A
  39  002E  0F00     R  MOV A,OFFSET _t1
  39  002F  0083        MOV [03H],A
  39  0030  0702        MOV A,[02H]
  39  0031  0080     R  MOV b0_1,A
  39  0032  1483        INC [03H]
"File: car2.c        Holtek Cross-Assembler  Version 3.00      Page 3 

  39  0033  0702        MOV A,[02H]
  39  0034  0080     R  MOV b0_1[1],A
  39  0035  0F80        MOV A,80h
  39  0036  0400     R  XOR A,b0_1[1]
  39  0037  0A83        SUB A,083h
  39  0038  380A        SNZ [0AH].0
  39  0039  2800     R  JMP L8
  39  003A  390A        SNZ [0AH].2
  39  003B  2800     R  JMP L36
  39  003C  0F00        MOV A,00h
  39  003D  0200     R  SUB A,b0_1
  39  003E  3C0A        SZ [0AH].0
  39  003F  2800     R  JMP L8
  39  0040              L36:

;  40: 				p++;
  40  0040  0F00     R  MOV A,BANK _p
  40  0041  0084        MOV [04H],A
  40  0042  0F00     R  MOV A,OFFSET _p
  40  0043  0083        MOV [03H],A
  40  0044  0F01        MOV A,01h
  40  0045  0382        ADDM A,[02H]
  40  0046  0F00        MOV A,00h
  40  0047  1483        INC [03H]
  40  0048  1382        ADCM A,[02H]

;  41: 				bit_in=1;
  41  0049  0F00     R  MOV A,BANK _bit_in
  41  004A  0084        MOV [04H],A
  41  004B  0F00     R  MOV A,OFFSET _bit_in
  41  004C  0083        MOV [03H],A
  41  004D  0F01        MOV A,01h
  41  004E  0082        MOV [02H],A
  41  004F  1483        INC [03H]
  41  0050  1F02        CLR [02H]

;  42: 				}else if(t1>512){
  42  0051  2800     R  JMP L9
  42  0052              L8:
  42  0052  0F00     R  MOV A,BANK _t1
  42  0053  0084        MOV [04H],A
  42  0054  0F00     R  MOV A,OFFSET _t1
  42  0055  0083        MOV [03H],A
  42  0056  0702        MOV A,[02H]
  42  0057  0080     R  MOV b0_1,A
  42  0058  1483        INC [03H]
  42  0059  0702        MOV A,[02H]
  42  005A  0080     R  MOV b0_1[1],A
  42  005B  0F80        MOV A,80h
  42  005C  0400     R  XOR A,b0_1[1]
  42  005D  0A82        SUB A,082h
  42  005E  380A        SNZ [0AH].0
  42  005F  2800     R  JMP L10
  42  0060  390A        SNZ [0AH].2
  42  0061  2800     R  JMP L37
  42  0062  0F00        MOV A,00h
  42  0063  0200     R  SUB A,b0_1
  42  0064  3C0A        SZ [0AH].0
  42  0065  2800     R  JMP L10
  42  0066              L37:
"File: car2.c        Holtek Cross-Assembler  Version 3.00      Page 4 


;  43: 					p++;
  43  0066  0F00     R  MOV A,BANK _p
  43  0067  0084        MOV [04H],A
  43  0068  0F00     R  MOV A,OFFSET _p
  43  0069  0083        MOV [03H],A
  43  006A  0F01        MOV A,01h
  43  006B  0382        ADDM A,[02H]
  43  006C  0F00        MOV A,00h
  43  006D  1483        INC [03H]
  43  006E  1382        ADCM A,[02H]

;  44: 					bit_in=0;
  44  006F  0F00     R  MOV A,BANK _bit_in
  44  0070  0084        MOV [04H],A
  44  0071  0F00     R  MOV A,OFFSET _bit_in
  44  0072  0083        MOV [03H],A
  44  0073  1F02        CLR [02H]
  44  0074  1483        INC [03H]
  44  0075  1F02        CLR [02H]

;  45: 					}else if(t1>150){p=0;}
  45  0076  2800     R  JMP L11
  45  0077              L10:
  45  0077  0F00     R  MOV A,BANK _t1
  45  0078  0084        MOV [04H],A
  45  0079  0F00     R  MOV A,OFFSET _t1
  45  007A  0083        MOV [03H],A
  45  007B  0702        MOV A,[02H]
  45  007C  0080     R  MOV b0_1,A
  45  007D  1483        INC [03H]
  45  007E  0702        MOV A,[02H]
  45  007F  0080     R  MOV b0_1[1],A
  45  0080  0F80        MOV A,80h
  45  0081  0400     R  XOR A,b0_1[1]
  45  0082  0A80        SUB A,080h
  45  0083  380A        SNZ [0AH].0
  45  0084  2800     R  JMP L12
  45  0085  390A        SNZ [0AH].2
  45  0086  2800     R  JMP L38
  45  0087  0F96        MOV A,096h
  45  0088  0200     R  SUB A,b0_1
  45  0089  3C0A        SZ [0AH].0
  45  008A  2800     R  JMP L12
  45  008B              L38:
  45  008B  0F00     R  MOV A,BANK _p
  45  008C  0084        MOV [04H],A
  45  008D  0F00     R  MOV A,OFFSET _p
  45  008E  0083        MOV [03H],A
  45  008F  1F02        CLR [02H]
  45  0090  1483        INC [03H]
  45  0091  1F02        CLR [02H]
  45  0092              L12:
  45  0092              L11:
  45  0092              L9:

;  46: 			if(p==1){
  46  0092  0F00     R  MOV A,BANK _p
  46  0093  0084        MOV [04H],A
  46  0094  0F00     R  MOV A,OFFSET _p
"File: car2.c        Holtek Cross-Assembler  Version 3.00      Page 5 

  46  0095  0083        MOV [03H],A
  46  0096  0702        MOV A,[02H]
  46  0097  0080     R  MOV b0_1,A
  46  0098  1483        INC [03H]
  46  0099  0702        MOV A,[02H]
  46  009A  0080     R  MOV b0_1[1],A
  46  009B  0700     R  MOV A,b0_1
  46  009C  0C01        XOR A,01h
  46  009D  390A        SNZ [0AH].2
  46  009E  2800     R  JMP L14
  46  009F  0700     R  MOV A,b0_1[1]
  46  00A0  0C00        XOR A,00h
  46  00A1  390A        SNZ [0AH].2
  46  00A2  2800     R  JMP L14

;  48: 				fr=bit_in;
  48  00A3  0F00     R  MOV A,BANK _bit_in
  48  00A4  0084        MOV [04H],A
  48  00A5  0F00     R  MOV A,OFFSET _bit_in
  48  00A6  0083        MOV [03H],A
  48  00A7  0702        MOV A,[02H]
  48  00A8  0080     R  MOV b0_1,A
  48  00A9  1483        INC [03H]
  48  00AA  0702        MOV A,[02H]
  48  00AB  0080     R  MOV b0_1[1],A
  48  00AC  0F00     R  MOV A,BANK _fr
  48  00AD  0084        MOV [04H],A
  48  00AE  0F00     R  MOV A,OFFSET _fr
  48  00AF  0083        MOV [03H],A
  48  00B0  0700     R  MOV A,b0_1
  48  00B1  0082        MOV [02H],A
  48  00B2  0700     R  MOV A,b0_1[1]
  48  00B3  1483        INC [03H]
  48  00B4  0082        MOV [02H],A
  48  00B5              L14:

;  50: 			if(p==2){
  50  00B5  0F00     R  MOV A,BANK _p
  50  00B6  0084        MOV [04H],A
  50  00B7  0F00     R  MOV A,OFFSET _p
  50  00B8  0083        MOV [03H],A
  50  00B9  0702        MOV A,[02H]
  50  00BA  0080     R  MOV b0_1,A
  50  00BB  1483        INC [03H]
  50  00BC  0702        MOV A,[02H]
  50  00BD  0080     R  MOV b0_1[1],A
  50  00BE  0700     R  MOV A,b0_1
  50  00BF  0C02        XOR A,02h
  50  00C0  390A        SNZ [0AH].2
  50  00C1  2800     R  JMP L16
  50  00C2  0700     R  MOV A,b0_1[1]
  50  00C3  0C00        XOR A,00h
  50  00C4  390A        SNZ [0AH].2
  50  00C5  2800     R  JMP L16

;  52: 				fl=bit_in;
  52  00C6  0F00     R  MOV A,BANK _bit_in
  52  00C7  0084        MOV [04H],A
  52  00C8  0F00     R  MOV A,OFFSET _bit_in
  52  00C9  0083        MOV [03H],A
"File: car2.c        Holtek Cross-Assembler  Version 3.00      Page 6 

  52  00CA  0702        MOV A,[02H]
  52  00CB  0080     R  MOV b0_1,A
  52  00CC  1483        INC [03H]
  52  00CD  0702        MOV A,[02H]
  52  00CE  0080     R  MOV b0_1[1],A
  52  00CF  0F00     R  MOV A,BANK _fl
  52  00D0  0084        MOV [04H],A
  52  00D1  0F00     R  MOV A,OFFSET _fl
  52  00D2  0083        MOV [03H],A
  52  00D3  0700     R  MOV A,b0_1
  52  00D4  0082        MOV [02H],A
  52  00D5  0700     R  MOV A,b0_1[1]
  52  00D6  1483        INC [03H]
  52  00D7  0082        MOV [02H],A
  52  00D8              L16:

;  54: 			if(p==3){
  54  00D8  0F00     R  MOV A,BANK _p
  54  00D9  0084        MOV [04H],A
  54  00DA  0F00     R  MOV A,OFFSET _p
  54  00DB  0083        MOV [03H],A
  54  00DC  0702        MOV A,[02H]
  54  00DD  0080     R  MOV b0_1,A
  54  00DE  1483        INC [03H]
  54  00DF  0702        MOV A,[02H]
  54  00E0  0080     R  MOV b0_1[1],A
  54  00E1  0700     R  MOV A,b0_1
  54  00E2  0C03        XOR A,03h
  54  00E3  390A        SNZ [0AH].2
  54  00E4  2800     R  JMP L18
  54  00E5  0700     R  MOV A,b0_1[1]
  54  00E6  0C00        XOR A,00h
  54  00E7  390A        SNZ [0AH].2
  54  00E8  2800     R  JMP L18

;  56: 				br=bit_in;
  56  00E9  0F00     R  MOV A,BANK _bit_in
  56  00EA  0084        MOV [04H],A
  56  00EB  0F00     R  MOV A,OFFSET _bit_in
  56  00EC  0083        MOV [03H],A
  56  00ED  0702        MOV A,[02H]
  56  00EE  0080     R  MOV b0_1,A
  56  00EF  1483        INC [03H]
  56  00F0  0702        MOV A,[02H]
  56  00F1  0080     R  MOV b0_1[1],A
  56  00F2  0F00     R  MOV A,BANK _br
  56  00F3  0084        MOV [04H],A
  56  00F4  0F00     R  MOV A,OFFSET _br
  56  00F5  0083        MOV [03H],A
  56  00F6  0700     R  MOV A,b0_1
  56  00F7  0082        MOV [02H],A
  56  00F8  0700     R  MOV A,b0_1[1]
  56  00F9  1483        INC [03H]
  56  00FA  0082        MOV [02H],A
  56  00FB              L18:

;  58: 			if(p==4){
  58  00FB  0F00     R  MOV A,BANK _p
  58  00FC  0084        MOV [04H],A
  58  00FD  0F00     R  MOV A,OFFSET _p
"File: car2.c        Holtek Cross-Assembler  Version 3.00      Page 7 

  58  00FE  0083        MOV [03H],A
  58  00FF  0702        MOV A,[02H]
  58  0100  0080     R  MOV b0_1,A
  58  0101  1483        INC [03H]
  58  0102  0702        MOV A,[02H]
  58  0103  0080     R  MOV b0_1[1],A
  58  0104  0700     R  MOV A,b0_1
  58  0105  0C04        XOR A,04h
  58  0106  390A        SNZ [0AH].2
  58  0107  2800     R  JMP L20
  58  0108  0700     R  MOV A,b0_1[1]
  58  0109  0C00        XOR A,00h
  58  010A  390A        SNZ [0AH].2
  58  010B  2800     R  JMP L20

;  60: 				bl=bit_in;
  60  010C  0F00     R  MOV A,BANK _bit_in
  60  010D  0084        MOV [04H],A
  60  010E  0F00     R  MOV A,OFFSET _bit_in
  60  010F  0083        MOV [03H],A
  60  0110  0702        MOV A,[02H]
  60  0111  0080     R  MOV b0_1,A
  60  0112  1483        INC [03H]
  60  0113  0702        MOV A,[02H]
  60  0114  0080     R  MOV b0_1[1],A
  60  0115  0F00     R  MOV A,BANK _bl
  60  0116  0084        MOV [04H],A
  60  0117  0F00     R  MOV A,OFFSET _bl
  60  0118  0083        MOV [03H],A
  60  0119  0700     R  MOV A,b0_1
  60  011A  0082        MOV [02H],A
  60  011B  0700     R  MOV A,b0_1[1]
  60  011C  1483        INC [03H]
  60  011D  0082        MOV [02H],A
  60  011E              L20:

;  62: 			if(p==5){
  62  011E  0F00     R  MOV A,BANK _p
  62  011F  0084        MOV [04H],A
  62  0120  0F00     R  MOV A,OFFSET _p
  62  0121  0083        MOV [03H],A
  62  0122  0702        MOV A,[02H]
  62  0123  0080     R  MOV b0_1,A
  62  0124  1483        INC [03H]
  62  0125  0702        MOV A,[02H]
  62  0126  0080     R  MOV b0_1[1],A
  62  0127  0700     R  MOV A,b0_1
  62  0128  0C05        XOR A,05h
  62  0129  390A        SNZ [0AH].2
  62  012A  2800     R  JMP L22
  62  012B  0700     R  MOV A,b0_1[1]
  62  012C  0C00        XOR A,00h
  62  012D  390A        SNZ [0AH].2
  62  012E  2800     R  JMP L22

;  64: 				h=bit_in;
  64  012F  0F00     R  MOV A,BANK _bit_in
  64  0130  0084        MOV [04H],A
  64  0131  0F00     R  MOV A,OFFSET _bit_in
  64  0132  0083        MOV [03H],A
"File: car2.c        Holtek Cross-Assembler  Version 3.00      Page 8 

  64  0133  0702        MOV A,[02H]
  64  0134  0080     R  MOV b0_1,A
  64  0135  1483        INC [03H]
  64  0136  0702        MOV A,[02H]
  64  0137  0080     R  MOV b0_1[1],A
  64  0138  0F00     R  MOV A,BANK _h
  64  0139  0084        MOV [04H],A
  64  013A  0F00     R  MOV A,OFFSET _h
  64  013B  0083        MOV [03H],A
  64  013C  0700     R  MOV A,b0_1
  64  013D  0082        MOV [02H],A
  64  013E  0700     R  MOV A,b0_1[1]
  64  013F  1483        INC [03H]
  64  0140  0082        MOV [02H],A
  64  0141              L22:

;  66: 			if(p==5){
  66  0141  0F00     R  MOV A,BANK _p
  66  0142  0084        MOV [04H],A
  66  0143  0F00     R  MOV A,OFFSET _p
  66  0144  0083        MOV [03H],A
  66  0145  0702        MOV A,[02H]
  66  0146  0080     R  MOV b0_1,A
  66  0147  1483        INC [03H]
  66  0148  0702        MOV A,[02H]
  66  0149  0080     R  MOV b0_1[1],A
  66  014A  0700     R  MOV A,b0_1
  66  014B  0C05        XOR A,05h
  66  014C  390A        SNZ [0AH].2
  66  014D  2800     R  JMP L24
  66  014E  0700     R  MOV A,b0_1[1]
  66  014F  0C00        XOR A,00h
  66  0150  390A        SNZ [0AH].2
  66  0151  2800     R  JMP L24

;  67: 					if(fr){turn_rightr();}else if(br){turn_leftr();}else{stopr();}
  67  0152  0F00     R  MOV A,BANK _fr
  67  0153  0084        MOV [04H],A
  67  0154  0F00     R  MOV A,OFFSET _fr
  67  0155  0083        MOV [03H],A
  67  0156  0702        MOV A,[02H]
  67  0157  0080     R  MOV b0_1,A
  67  0158  1483        INC [03H]
  67  0159  0702        MOV A,[02H]
  67  015A  0080     R  MOV b0_1[1],A
  67  015B  0700     R  MOV A,b0_1
  67  015C  0500     R  OR A,b0_1[1]
  67  015D  3D0A        SZ [0AH].2
  67  015E  2800     R  JMP L26
  67  015F  2000     R  CALL _turn_rightr
  67  0160  2800     R  JMP L27
  67  0161              L26:
  67  0161  0F00     R  MOV A,BANK _br
  67  0162  0084        MOV [04H],A
  67  0163  0F00     R  MOV A,OFFSET _br
  67  0164  0083        MOV [03H],A
  67  0165  0702        MOV A,[02H]
  67  0166  0080     R  MOV b0_1,A
  67  0167  1483        INC [03H]
  67  0168  0702        MOV A,[02H]
"File: car2.c        Holtek Cross-Assembler  Version 3.00      Page 9 

  67  0169  0080     R  MOV b0_1[1],A
  67  016A  0700     R  MOV A,b0_1
  67  016B  0500     R  OR A,b0_1[1]
  67  016C  3D0A        SZ [0AH].2
  67  016D  2800     R  JMP L28
  67  016E  2000     R  CALL _turn_leftr
  67  016F  2800     R  JMP L29
  67  0170              L28:
  67  0170  2000     R  CALL _stopr
  67  0171              L29:
  67  0171              L27:

;  68: 					if(fl){turn_rightl();}else if(bl){turn_leftl();}else{stopl();}
  68  0171  0F00     R  MOV A,BANK _fl
  68  0172  0084        MOV [04H],A
  68  0173  0F00     R  MOV A,OFFSET _fl
  68  0174  0083        MOV [03H],A
  68  0175  0702        MOV A,[02H]
  68  0176  0080     R  MOV b0_1,A
  68  0177  1483        INC [03H]
  68  0178  0702        MOV A,[02H]
  68  0179  0080     R  MOV b0_1[1],A
  68  017A  0700     R  MOV A,b0_1
  68  017B  0500     R  OR A,b0_1[1]
  68  017C  3D0A        SZ [0AH].2
  68  017D  2800     R  JMP L30
  68  017E  2000     R  CALL _turn_rightl
  68  017F  2800     R  JMP L31
  68  0180              L30:
  68  0180  0F00     R  MOV A,BANK _bl
  68  0181  0084        MOV [04H],A
  68  0182  0F00     R  MOV A,OFFSET _bl
  68  0183  0083        MOV [03H],A
  68  0184  0702        MOV A,[02H]
  68  0185  0080     R  MOV b0_1,A
  68  0186  1483        INC [03H]
  68  0187  0702        MOV A,[02H]
  68  0188  0080     R  MOV b0_1[1],A
  68  0189  0700     R  MOV A,b0_1
  68  018A  0500     R  OR A,b0_1[1]
  68  018B  3D0A        SZ [0AH].2
  68  018C  2800     R  JMP L32
  68  018D  2000     R  CALL _turn_leftl
  68  018E  2800     R  JMP L33
  68  018F              L32:
  68  018F  2000     R  CALL _stopl
  68  0190              L33:
  68  0190              L31:

;  69: 					if(h){buzz=1;}else{buzz=0;}
  69  0190  0F00     R  MOV A,BANK _h
  69  0191  0084        MOV [04H],A
  69  0192  0F00     R  MOV A,OFFSET _h
  69  0193  0083        MOV [03H],A
  69  0194  0702        MOV A,[02H]
  69  0195  0080     R  MOV b0_1,A
  69  0196  1483        INC [03H]
  69  0197  0702        MOV A,[02H]
  69  0198  0080     R  MOV b0_1[1],A
  69  0199  0700     R  MOV A,b0_1
"File: car2.c        Holtek Cross-Assembler  Version 3.00      Page 10 

  69  019A  0500     R  OR A,b0_1[1]
  69  019B  3D0A        SZ [0AH].2
  69  019C  2800     R  JMP L34
  69  019D  0F00     R  MOV A,BANK _buzz
  69  019E  0084        MOV [04H],A
  69  019F  0F00     R  MOV A,OFFSET _buzz
  69  01A0  0083        MOV [03H],A
  69  01A1  0F01        MOV A,01h
  69  01A2  0082        MOV [02H],A
  69  01A3  1483        INC [03H]
  69  01A4  1F02        CLR [02H]
  69  01A5  2800     R  JMP L35
  69  01A6              L34:
  69  01A6  0F00     R  MOV A,BANK _buzz
  69  01A7  0084        MOV [04H],A
  69  01A8  0F00     R  MOV A,OFFSET _buzz
  69  01A9  0083        MOV [03H],A
  69  01AA  1F02        CLR [02H]
  69  01AB  1483        INC [03H]
  69  01AC  1F02        CLR [02H]
  69  01AD              L35:

;  70: 					p=0;
  70  01AD  0F00     R  MOV A,BANK _p
  70  01AE  0084        MOV [04H],A
  70  01AF  0F00     R  MOV A,OFFSET _p
  70  01B0  0083        MOV [03H],A
  70  01B1  1F02        CLR [02H]
  70  01B2  1483        INC [03H]
  70  01B3  1F02        CLR [02H]
  70  01B4              L24:
  70  01B4              L7:
  70  01B4              L5:
  70  01B4  0700     E  MOV A,V1MP1
  70  01B5  0083        MOV [03H],A
  70  01B6  0700     E  MOV A,V1BP
  70  01B7  0084        MOV [04H],A
  70  01B8  0700     E  MOV A,V1S
  70  01B9  008A        MOV [0AH],A
  70  01BA  0700     E  MOV A,V1A
  70  01BB  0004        RETI
  70  01BC              _INT_ISR ENDP
  70  01BC              RAMBANK 0 @INT_ISR
  70  0000              @INT_ISR .SECTION 'DATA'
  70  0000  0002[       b0_1 DB 2 DUP(?)
            00
            ]
  70  0002  0002[       b1_1 DB 2 DUP(?)
            00
            ]

;  96: {
  96  0000              @@TB0_ISR .SECTION AT 08H 'CODE'
  96  0000  2800     R  JMP _TB0_ISR
  96  0000              @TB0_ISR .SECTION 'CODE'
  96  0000              _TB0_ISR PROC
  96  0000  0080     E  MOV V2A,A
  96  0001  070A        MOV A,[0AH]
  96  0002  0080     E  MOV V2S,A
  96  0003  0703        MOV A,[03H]
"File: car2.c        Holtek Cross-Assembler  Version 3.00      Page 11 

  96  0004  0080     E  MOV V2MP1,A
  96  0005  0704        MOV A,[04H]
  96  0006  0080     E  MOV V2BP,A

;  98: 	if(buzz){
  98  0007  0F00     R  MOV A,BANK _buzz
  98  0008  0084        MOV [04H],A
  98  0009  0F00     R  MOV A,OFFSET _buzz
  98  000A  0083        MOV [03H],A
  98  000B  0702        MOV A,[02H]
  98  000C  0080     R  MOV b0_2,A
  98  000D  1483        INC [03H]
  98  000E  0702        MOV A,[02H]
  98  000F  0080     R  MOV b0_2[1],A
  98  0010  0700     R  MOV A,b0_2
  98  0011  0500     R  OR A,b0_2[1]
  98  0012  3D0A        SZ [0AH].2
  98  0013  2800     R  JMP L40

;  99: 		C3=~C3;
  99  0014  0F80        MOV A,1<<7
  99  0015  0494        XORM A,[014H]

; 100: 		}else{
 100  0016  2800     R  JMP L41
 100  0017              L40:

; 101: 			C3=0;}
 101  0017  3794        CLR [014H].7
 101  0018              L41:

; 102: 	TB1_CLEAR_FLAG();
 102  0018  370E        CLR [0EH].6
 102  0019              L39:
 102  0019  0700     E  MOV A,V2MP1
 102  001A  0083        MOV [03H],A
 102  001B  0700     E  MOV A,V2BP
 102  001C  0084        MOV [04H],A
 102  001D  0700     E  MOV A,V2S
 102  001E  008A        MOV [0AH],A
 102  001F  0700     E  MOV A,V2A
 102  0020  0004        RETI
 102  0021              _TB0_ISR ENDP
 102  0021              RAMBANK 0 @TB0_ISR
 102  0000              @TB0_ISR .SECTION 'DATA'
 102  0000  0002[       b0_2 DB 2 DUP(?)
            00
            ]

; 109: {
 109  0000              @@TB1_ISR .SECTION AT 0cH 'CODE'
 109  0000  2800     R  JMP _TB1_ISR
 109  0000              @TB1_ISR .SECTION 'CODE'
 109  0000              _TB1_ISR PROC
 109  0000  0080     E  MOV V3A,A
 109  0001  070A        MOV A,[0AH]
 109  0002  0080     E  MOV V3S,A

; 110: 	STM_PAUSE();
 110  0003  33A8        SET [028H].7
"File: car2.c        Holtek Cross-Assembler  Version 3.00      Page 12 


; 111: 	STM_DISABLE();
 111  0004  35A8        CLR [028H].3

; 112: 	STM_ENABLE();
 112  0005  31A8        SET [028H].3

; 113: 	TB0_CLEAR_FLAG();
 113  0006  368E        CLR [0EH].5
 113  0007              L42:
 113  0007  0700     E  MOV A,V3S
 113  0008  008A        MOV [0AH],A
 113  0009  0700     E  MOV A,V3A
 113  000A  0004        RETI
 113  000B              _TB1_ISR ENDP
 113  000B              RAMBANK 0 @TB1_ISR
 113  0000              @TB1_ISR .SECTION 'DATA'

; 120: {
 120  0000              @MAIN .SECTION 'CODE'
 120  0000              _main PROC
 120  0000              begin:

; 121: 	C1=0;
 121  0000  3414        CLR [014H].0

; 122: 	C2=0;
 122  0001  3494        CLR [014H].1

; 123: 	C3=0;
 123  0002  3794        CLR [014H].7

; 124: 	C4=0;
 124  0003  3714        CLR [014H].6

; 125: 	C5=0;
 125  0004  3694        CLR [014H].5

; 126: 	_pac0=0;
 126  0005  3415        CLR [015H].0

; 127: 	_pac1=0;
 127  0006  3495        CLR [015H].1

; 128: 	_pac7=0;
 128  0007  3795        CLR [015H].7

; 129: 	_pac6=0;
 129  0008  3715        CLR [015H].6

; 130: 	_pac5=0;
 130  0009  3695        CLR [015H].5

; 131: 	_pac2=1;
 131  000A  3115        SET [015H].2

; 133: 	_papu0=1;
 133  000B  3016        SET [016H].0

; 134: 	_papu1=1;
"File: car2.c        Holtek Cross-Assembler  Version 3.00      Page 13 

 134  000C  3096        SET [016H].1

; 135: 	_papu2=1;
 135  000D  3116        SET [016H].2

; 136: 	_papu5=1;
 136  000E  3296        SET [016H].5

; 137: 	_papu6=1;
 137  000F  3316        SET [016H].6

; 138: 	_papu7=1;
 138  0010  3396        SET [016H].7

; 139: 	_pawu2=1;
 139  0011  3117        SET [017H].2

; 140: 	SysClockDivision_Init();
 140  0012  2000     E  CALL _SysClockDivision_Init

; 142: 	WDT_DISABLE();
 142  0013  0FA8        MOV A,0a8h
 142  0014  0099        MOV __wdtc,A

; 143: 	STM_Init();
 143  0015  2000     E  CALL _STM_Init

; 144: 	STM_ENABLE();
 144  0016  31A8        SET [028H].3

; 145: 	STM_RUN();
 145  0017  37A8        CLR [028H].7

; 149: 	TB_ENABLE();
 149  0018  339B        SET [01BH].7

; 150: 	TB0_ISR_ENABLE();
 150  0019  310E        SET [0EH].2

; 151: 	TB0_CLEAR_FLAG();
 151  001A  368E        CLR [0EH].5

; 152: 	TB1_ISR_ENABLE();
 152  001B  318E        SET [0EH].3

; 153: 	TB1_CLEAR_FLAG();
 153  001C  370E        CLR [0EH].6

; 154: 	TimeBase_Init();
 154  001D  2000     E  CALL _TimeBase_Init

; 159: 	EXIT_Init();
 159  001E  2000     E  CALL _EXIT_Init

; 160: 	INT_ISR_ENABLE();
 160  001F  308E        SET [0EH].1

; 161: 	EMI_ENABLE();
 161  0020  300E        SET [0EH].0

; 162: 	t0=0;
"File: car2.c        Holtek Cross-Assembler  Version 3.00      Page 14 

 162  0021  0F00     R  MOV A,BANK _t0
 162  0022  0084        MOV [04H],A
 162  0023  0F00     R  MOV A,OFFSET _t0
 162  0024  0083        MOV [03H],A
 162  0025  1F02        CLR [02H]
 162  0026  1483        INC [03H]
 162  0027  1F02        CLR [02H]

; 163: 	buzz=0;
 163  0028  0F00     R  MOV A,BANK _buzz
 163  0029  0084        MOV [04H],A
 163  002A  0F00     R  MOV A,OFFSET _buzz
 163  002B  0083        MOV [03H],A
 163  002C  1F02        CLR [02H]
 163  002D  1483        INC [03H]
 163  002E  1F02        CLR [02H]

; 164: 	turn_leftl();
 164  002F  2000     R  CALL _turn_leftl

; 165: 	_delay(263690);
 165  0030  0F00        MOV A,0100H
 165  0031  0080     E  MOV RH,A
 165  0032  0F00        MOV A,00H
 165  0033  2000     E  CALL __DELAYY5

; 166: 	turn_leftr();
 166  0034  2000     R  CALL _turn_leftr

; 167: 	_delay(263690);
 167  0035  0F00        MOV A,0100H
 167  0036  0080     E  MOV RH,A
 167  0037  0F00        MOV A,00H
 167  0038  2000     E  CALL __DELAYY5

; 168: 	turn_rightl();
 168  0039  2000     R  CALL _turn_rightl

; 169: 	_delay(263690);
 169  003A  0F00        MOV A,0100H
 169  003B  0080     E  MOV RH,A
 169  003C  0F00        MOV A,00H
 169  003D  2000     E  CALL __DELAYY5

; 170: 	turn_rightr();
 170  003E  2000     R  CALL _turn_rightr

; 171: 	_delay(263690);
 171  003F  0F00        MOV A,0100H
 171  0040  0080     E  MOV RH,A
 171  0041  0F00        MOV A,00H
 171  0042  2000     E  CALL __DELAYY5

; 172: 	stopr();
 172  0043  2000     R  CALL _stopr

; 173: 	stopl();
 173  0044  2000     R  CALL _stopl
 173  0045  2800     R  JMP L45
 173  0046              L44:
"File: car2.c        Holtek Cross-Assembler  Version 3.00      Page 15 


; 175: 		cnt++;
 175  0046  0F00     R  MOV A,BANK _cnt
 175  0047  0084        MOV [04H],A
 175  0048  0F00     R  MOV A,OFFSET _cnt
 175  0049  0083        MOV [03H],A
 175  004A  0F01        MOV A,01h
 175  004B  0382        ADDM A,[02H]
 175  004C  0F00        MOV A,00h
 175  004D  1483        INC [03H]
 175  004E  1382        ADCM A,[02H]

; 176: 		if(cnt>20000)
 176  004F  0F00     R  MOV A,BANK _cnt
 176  0050  0084        MOV [04H],A
 176  0051  0F00     R  MOV A,OFFSET _cnt
 176  0052  0083        MOV [03H],A
 176  0053  0702        MOV A,[02H]
 176  0054  0080     R  MOV b0_4,A
 176  0055  1483        INC [03H]
 176  0056  0702        MOV A,[02H]
 176  0057  0080     R  MOV b0_4[1],A
 176  0058  0F80        MOV A,80h
 176  0059  0400     R  XOR A,b0_4[1]
 176  005A  0ACE        SUB A,0ceh
 176  005B  380A        SNZ [0AH].0
 176  005C  2800     R  JMP L47
 176  005D  390A        SNZ [0AH].2
 176  005E  2800     R  JMP L49
 176  005F  0F20        MOV A,020h
 176  0060  0200     R  SUB A,b0_4
 176  0061  3C0A        SZ [0AH].0
 176  0062  2800     R  JMP L47
 176  0063              L49:

; 178: 			cnt=0;
 178  0063  0F00     R  MOV A,BANK _cnt
 178  0064  0084        MOV [04H],A
 178  0065  0F00     R  MOV A,OFFSET _cnt
 178  0066  0083        MOV [03H],A
 178  0067  1F02        CLR [02H]
 178  0068  1483        INC [03H]
 178  0069  1F02        CLR [02H]

; 179: 			C1=0;C2=0;
 179  006A  3414        CLR [014H].0
 179  006B  3494        CLR [014H].1

; 180: 			C4=0;C5=0;
 180  006C  3714        CLR [014H].6
 180  006D  3694        CLR [014H].5

; 182: 		buzz=0;
 182  006E  0F00     R  MOV A,BANK _buzz
 182  006F  0084        MOV [04H],A
 182  0070  0F00     R  MOV A,OFFSET _buzz
 182  0071  0083        MOV [03H],A
 182  0072  1F02        CLR [02H]
 182  0073  1483        INC [03H]
 182  0074  1F02        CLR [02H]
"File: car2.c        Holtek Cross-Assembler  Version 3.00      Page 16 


; 183: 		_delay(3050);
 183  0075  0F02        MOV A,02H
 183  0076  0080     E  MOV RH,A
 183  0077  0FF8        MOV A,0f8H
 183  0078  2000     E  CALL __DELAYY1

; 184: 		_halt();}
 184  0079  0002        HALT
 184  007A              L47:
 184  007A              L45:

; 174: 	while(1){
 174  007A  2800     R  JMP L44
 174  007B              L43:

; 187: }
 187  007B  2800     R  JMP $
 187  0000  0002[       LOCAL b0_4 DB 2 DUP(?)
            00
            ]
 187  007C              _main ENDP

; 191: void turn_rightr(){
 191  0000              @turn_rightr .SECTION 'CODE'
 191  0000              PUBLIC _turn_rightr
 191  0000              _turn_rightr PROC

; 192: 	C1=0;
 192  0000  3414        CLR [014H].0

; 193: 	C2=1;
 193  0001  3094        SET [014H].1
 193  0002              L50:
 193  0002  0003        RET
 193  0003              _turn_rightr ENDP

; 195: void turn_leftr(){
 195  0000              @turn_leftr .SECTION 'CODE'
 195  0000              PUBLIC _turn_leftr
 195  0000              _turn_leftr PROC

; 196: 	C1=1;
 196  0000  3014        SET [014H].0

; 197: 	C2=0;
 197  0001  3494        CLR [014H].1
 197  0002              L51:
 197  0002  0003        RET
 197  0003              _turn_leftr ENDP

; 200: void turn_rightl(){
 200  0000              @turn_rightl .SECTION 'CODE'
 200  0000              PUBLIC _turn_rightl
 200  0000              _turn_rightl PROC

; 201: 	C4=0;
 201  0000  3714        CLR [014H].6

; 202: 	C5=1;
"File: car2.c        Holtek Cross-Assembler  Version 3.00      Page 17 

 202  0001  3294        SET [014H].5
 202  0002              L52:
 202  0002  0003        RET
 202  0003              _turn_rightl ENDP

; 204: void turn_leftl(){
 204  0000              @turn_leftl .SECTION 'CODE'
 204  0000              PUBLIC _turn_leftl
 204  0000              _turn_leftl PROC

; 205: 	C4=1;
 205  0000  3314        SET [014H].6

; 206: 	C5=0;
 206  0001  3694        CLR [014H].5
 206  0002              L53:
 206  0002  0003        RET
 206  0003              _turn_leftl ENDP

; 209: void stopr(){
 209  0000              @stopr .SECTION 'CODE'
 209  0000              PUBLIC _stopr
 209  0000              _stopr PROC

; 210: 	C1=0;
 210  0000  3414        CLR [014H].0

; 211: 	C2=0;
 211  0001  3494        CLR [014H].1
 211  0002              L54:
 211  0002  0003        RET
 211  0003              _stopr ENDP

; 214: void stopl(){
 214  0000              @stopl .SECTION 'CODE'
 214  0000              PUBLIC _stopl
 214  0000              _stopl PROC

; 215: 	C4=0;
 215  0000  3714        CLR [014H].6

; 216: 	C5=0;	
 216  0001  3694        CLR [014H].5
 216  0002              L55:
 216  0002  0003        RET
 216  0003              _stopl ENDP

; 219: void Led_on(){
 219  0000              @Led_on .SECTION 'CODE'
 219  0000              PUBLIC _Led_on
 219  0000              _Led_on PROC

; 220: 	C4=1;
 220  0000  3314        SET [014H].6
 220  0001              L56:
 220  0001  0003        RET
 220  0002              _Led_on ENDP

; 222: void Led_off(){
 222  0000              @Led_off .SECTION 'CODE'
"File: car2.c        Holtek Cross-Assembler  Version 3.00      Page 18 

 222  0000              PUBLIC _Led_off
 222  0000              _Led_off PROC

; 223: 	C4=0;
 223  0000  3714        CLR [014H].6
 223  0001              L57:
 223  0001  0003        RET
 223  0002              _Led_off ENDP

; 225: void Buzzing(){
 225  0000              @Buzzing .SECTION 'CODE'
 225  0000              PUBLIC _Buzzing
 225  0000              _Buzzing PROC

; 237: 	for(i=0;i<300;i++){
 237  0000  0F00     R  MOV A,BANK _i
 237  0001  0084        MOV [04H],A
 237  0002  0F00     R  MOV A,OFFSET _i
 237  0003  0083        MOV [03H],A
 237  0004  1F02        CLR [02H]
 237  0005  1483        INC [03H]
 237  0006  1F02        CLR [02H]
 237  0007              L59:

; 238: 		C3=1;
 238  0007  3394        SET [014H].7

; 239: 		_delay(1050);
 239  0008  0F01        MOV A,01H
 239  0009  0080     E  MOV RH,A
 239  000A  0F04        MOV A,04H
 239  000B  2000     E  CALL __DELAYY3

; 240: 		C3=0;
 240  000C  3794        CLR [014H].7

; 241: 		_delay(1050);
 241  000D  0F01        MOV A,01H
 241  000E  0080     E  MOV RH,A
 241  000F  0F04        MOV A,04H
 241  0010  2000     E  CALL __DELAYY3
 241  0011              L60:

; 237: 	for(i=0;i<300;i++){
 237  0011  0F00     R  MOV A,BANK _i
 237  0012  0084        MOV [04H],A
 237  0013  0F00     R  MOV A,OFFSET _i
 237  0014  0083        MOV [03H],A
 237  0015  0F01        MOV A,01h
 237  0016  0382        ADDM A,[02H]
 237  0017  0F00        MOV A,00h
 237  0018  1483        INC [03H]
 237  0019  1382        ADCM A,[02H]
 237  001A  0F00     R  MOV A,BANK _i
 237  001B  0084        MOV [04H],A
 237  001C  0F00     R  MOV A,OFFSET _i
 237  001D  0083        MOV [03H],A
 237  001E  0702        MOV A,[02H]
 237  001F  0080     R  MOV b0_13,A
 237  0020  1483        INC [03H]
"File: car2.c        Holtek Cross-Assembler  Version 3.00      Page 19 

 237  0021  0702        MOV A,[02H]
 237  0022  0080     R  MOV b0_13[1],A
 237  0023  0F80        MOV A,80h
 237  0024  0400     R  XOR A,b0_13[1]
 237  0025  0A81        SUB A,081h
 237  0026  380A        SNZ [0AH].0
 237  0027  2800     R  JMP L59
 237  0028  390A        SNZ [0AH].2
 237  0029  2800     R  JMP L67
 237  002A  0700     R  MOV A,b0_13
 237  002B  0A2C        SUB A,02ch
 237  002C  380A        SNZ [0AH].0
 237  002D  2800     R  JMP L59
 237  002E              L67:

; 243: 	for(i=0;i<220;i++){
 243  002E  0F00     R  MOV A,BANK _i
 243  002F  0084        MOV [04H],A
 243  0030  0F00     R  MOV A,OFFSET _i
 243  0031  0083        MOV [03H],A
 243  0032  1F02        CLR [02H]
 243  0033  1483        INC [03H]
 243  0034  1F02        CLR [02H]
 243  0035              L63:

; 244: 		C3=1;
 244  0035  3394        SET [014H].7

; 245: 		_delay(1420);
 245  0036  0F01        MOV A,01H
 245  0037  0080     E  MOV RH,A
 245  0038  0F61        MOV A,061H
 245  0039  2000     E  CALL __DELAYY1

; 246: 		C3=0;
 246  003A  3794        CLR [014H].7

; 247: 		_delay(1420);
 247  003B  0F01        MOV A,01H
 247  003C  0080     E  MOV RH,A
 247  003D  0F61        MOV A,061H
 247  003E  2000     E  CALL __DELAYY1
 247  003F              L64:

; 243: 	for(i=0;i<220;i++){
 243  003F  0F00     R  MOV A,BANK _i
 243  0040  0084        MOV [04H],A
 243  0041  0F00     R  MOV A,OFFSET _i
 243  0042  0083        MOV [03H],A
 243  0043  0F01        MOV A,01h
 243  0044  0382        ADDM A,[02H]
 243  0045  0F00        MOV A,00h
 243  0046  1483        INC [03H]
 243  0047  1382        ADCM A,[02H]
 243  0048  0F00     R  MOV A,BANK _i
 243  0049  0084        MOV [04H],A
 243  004A  0F00     R  MOV A,OFFSET _i
 243  004B  0083        MOV [03H],A
 243  004C  0702        MOV A,[02H]
 243  004D  0080     R  MOV b0_13,A
"File: car2.c        Holtek Cross-Assembler  Version 3.00      Page 20 

 243  004E  1483        INC [03H]
 243  004F  0702        MOV A,[02H]
 243  0050  0080     R  MOV b0_13[1],A
 243  0051  0F80        MOV A,80h
 243  0052  0400     R  XOR A,b0_13[1]
 243  0053  0A80        SUB A,080h
 243  0054  380A        SNZ [0AH].0
 243  0055  2800     R  JMP L63
 243  0056  390A        SNZ [0AH].2
 243  0057  2800     R  JMP L68
 243  0058  0700     R  MOV A,b0_13
 243  0059  0ADC        SUB A,0dch
 243  005A  380A        SNZ [0AH].0
 243  005B  2800     R  JMP L63
 243  005C              L68:
 243  005C              L58:
 243  005C  0003        RET
 243  0000  0002[       LOCAL b0_13 DB 2 DUP(?)
            00
            ]
 243  005D              _Buzzing ENDP

;  14: int fl,bit_in,fr,bl,br,h;
  14  005D              PUBLIC _h
  14  0000              @h .SECTION 'DATA'
  14  0000  0002[       _h DB 2 DUP (?) ;h
            00
            ]
  14  0002              PUBLIC _br
  14  0000              @br .SECTION 'DATA'
  14  0000  0002[       _br DB 2 DUP (?) ;br
            00
            ]
  14  0002              PUBLIC _bl
  14  0000              @bl .SECTION 'DATA'
  14  0000  0002[       _bl DB 2 DUP (?) ;bl
            00
            ]
  14  0002              PUBLIC _fr
  14  0000              @fr .SECTION 'DATA'
  14  0000  0002[       _fr DB 2 DUP (?) ;fr
            00
            ]
  14  0002              PUBLIC _bit_in
  14  0000              @bit_in .SECTION 'DATA'
  14  0000  0002[       _bit_in DB 2 DUP (?) ;bit_in
            00
            ]
  14  0002              PUBLIC _fl
  14  0000              @fl .SECTION 'DATA'
  14  0000  0002[       _fl DB 2 DUP (?) ;fl
            00
            ]

;  13: int diff;
  13  0002              PUBLIC _diff
  13  0000              @diff .SECTION 'DATA'
  13  0000  0002[       _diff DB 2 DUP (?) ;diff
            00
            ]
"File: car2.c        Holtek Cross-Assembler  Version 3.00      Page 21 


;  12: int t0,t1,buzz,cnt;
  12  0002              PUBLIC _cnt
  12  0000              @cnt .SECTION 'DATA'
  12  0000  0002[       _cnt DB 2 DUP (?) ;cnt
            00
            ]
  12  0002              PUBLIC _buzz
  12  0000              @buzz .SECTION 'DATA'
  12  0000  0002[       _buzz DB 2 DUP (?) ;buzz
            00
            ]
  12  0002              PUBLIC _t1
  12  0000              @t1 .SECTION 'DATA'
  12  0000  0002[       _t1 DB 2 DUP (?) ;t1
            00
            ]
  12  0002              PUBLIC _t0
  12  0000              @t0 .SECTION 'DATA'
  12  0000  0002[       _t0 DB 2 DUP (?) ;t0
            00
            ]

;  11: int i,j,p;
  11  0002              PUBLIC _p
  11  0000              @p .SECTION 'DATA'
  11  0000  0002[       _p DB 2 DUP (?) ;p
            00
            ]
  11  0002              PUBLIC _j
  11  0000              @j .SECTION 'DATA'
  11  0000  0002[       _j DB 2 DUP (?) ;j
            00
            ]
  11  0002              PUBLIC _i
  11  0000              @i .SECTION 'DATA'
  11  0000  0002[       _i DB 2 DUP (?) ;i
            00
            ]
  11  0002              EXTERN _TimeBase_Init:NEAR
  11  0002              EXTERN _STM_Init:NEAR
  11  0002              EXTERN _EXIT_Init:NEAR
  11  0002              EXTERN _SysClockDivision_Init:NEAR

; 119: void main()
 119  0000              STARTSEC .SECTION  COM_L 'CODE'
 119  0000              STARTUP:
 119  0000              STARTSEC .SECTION  COM_E 'CODE'
 119  0000  0003        RET
 119  0001              EXTERN RH:BYTE
 119  0001              EXTERN V1A:BYTE
 119  0001              EXTERN V1S:BYTE
 119  0001              EXTERN V1MP1:BYTE
 119  0001              EXTERN V1BP:BYTE
 119  0001              EXTERN V2A:BYTE
 119  0001              EXTERN V2S:BYTE
 119  0001              EXTERN V2MP1:BYTE
 119  0001              EXTERN V2BP:BYTE
 119  0001              EXTERN V3A:BYTE
 119  0001              EXTERN V3S:BYTE
"File: car2.c        Holtek Cross-Assembler  Version 3.00      Page 22 

 119  0001              EXTERN __DELAYY0:NEAR
 119  0001              EXTERN __DELAYY1:NEAR
 119  0001              EXTERN __DELAYY2:NEAR
 119  0001              EXTERN __DELAYY3:NEAR
 119  0001              EXTERN __DELAYY4:NEAR
 119  0001              EXTERN __DELAYY5:NEAR
 119  0000              @CODE .SECTION AT 0 'CODE'
 119  0000  2000     R  CALL STARTUP
 119  0001  2800     R  JMP begin
 119  0002              @DUMMY PROC
 119  0002  2000     R  CALL _main
 119  0003              @DUMMY ENDP


        0 Errors
