Added Component: Designator=C1(CAPC2012X08N-805)
Add component. Clean all parameters for all variants
Add component (AddParameter): Name = "value"; Value = "100n"; VariantName = "[No Variations]"
Added Component: Designator=C2(CAPC2012X08N-805)
Add component. Clean all parameters for all variants
Add component (AddParameter): Name = "value"; Value = "100n"; VariantName = "[No Variations]"
Added Component: Designator=C3(CAPC2012X08N-805)
Add component. Clean all parameters for all variants
Add component (AddParameter): Name = "value"; Value = "100u"; VariantName = "[No Variations]"
Added Component: Designator=C4(CAPC2012X08N-805)
Add component. Clean all parameters for all variants
Add component (AddParameter): Name = "value"; Value = "100n"; VariantName = "[No Variations]"
Added Component: Designator=R1(RESC2012X06N-805)
Add component. Clean all parameters for all variants
Add component (AddParameter): Name = "value"; Value = "1K"; VariantName = "[No Variations]"
Added Component: Designator=R2(RESC2012X06N-805)
Add component. Clean all parameters for all variants
Add component (AddParameter): Name = "value"; Value = "1k"; VariantName = "[No Variations]"
Added Component: Designator=R3(RESC2012X06N-805)
Add component. Clean all parameters for all variants
Add component (AddParameter): Name = "value"; Value = "1k"; VariantName = "[No Variations]"
Added Component: Designator=R4(RESC2012X06N-805)
Add component. Clean all parameters for all variants
Add component (AddParameter): Name = "value"; Value = "1k"; VariantName = "[No Variations]"
Added Component: Designator=R5(RESC2012X06N-805)
Add component. Clean all parameters for all variants
Add component (AddParameter): Name = "value"; Value = "1k"; VariantName = "[No Variations]"
Added Component: Designator=R6(RESC2012X06N-805)
Add component. Clean all parameters for all variants
Add component (AddParameter): Name = "value"; Value = "1k"; VariantName = "[No Variations]"
Added Component: Designator=R7(RESC2012X06N-805)
Add component. Clean all parameters for all variants
Add component (AddParameter): Name = "value"; Value = "1k"; VariantName = "[No Variations]"
Added Component: Designator=R9(RESC2012X06N-805)
Add component. Clean all parameters for all variants
Add component (AddParameter): Name = "value"; Value = "1k"; VariantName = "[No Variations]"
Added Component: Designator=R10(RESC2012X06N-805)
Add component. Clean all parameters for all variants
Add component (AddParameter): Name = "value"; Value = "1k"; VariantName = "[No Variations]"
Added Pin To Net: NetName=V+ Pin=C1-1
Added Pin To Net: NetName=V- Pin=C1-2
Added Pin To Net: NetName=V++ Pin=C2-1
Added Pin To Net: NetName=V-- Pin=C2-2
Added Pin To Net: NetName=V++ Pin=C3-1
Added Pin To Net: NetName=V-- Pin=C3-2
Added Pin To Net: NetName=V++ Pin=C4-1
Added Pin To Net: NetName=V-- Pin=C4-2
Added Pin To Net: NetName=NetIC1_5 Pin=R1-1
Added Pin To Net: NetName=NetQ1_B Pin=R1-2
Added Pin To Net: NetName=C1 Pin=R2-1
Added Pin To Net: NetName=NetQ2_1 Pin=R2-2
Added Pin To Net: NetName=C2 Pin=R3-1
Added Pin To Net: NetName=NetQ3_1 Pin=R3-2
Added Pin To Net: NetName=C4 Pin=R4-1
Added Pin To Net: NetName=NetQ4_1 Pin=R4-2
Added Pin To Net: NetName=C5 Pin=R5-1
Added Pin To Net: NetName=NetQ5_1 Pin=R5-2
Added Pin To Net: NetName=NetQ7_1 Pin=R6-1
Added Pin To Net: NetName=C1 Pin=R6-2
Added Pin To Net: NetName=NetQ9_1 Pin=R7-1
Added Pin To Net: NetName=C4 Pin=R7-2
Added Pin To Net: NetName=NetQ10_1 Pin=R9-1
Added Pin To Net: NetName=C5 Pin=R9-2
Added Pin To Net: NetName=C3 Pin=R10-1
Added Pin To Net: NetName=NetQ6_1 Pin=R10-2
Added Member To Class: ClassName=Sheet1 Member=Component C1 Capacitor
Added Member To Class: ClassName=Sheet1 Member=Component C2 Capacitor
Added Member To Class: ClassName=Sheet1 Member=Component C3 Capacitor
Added Member To Class: ClassName=Sheet1 Member=Component C4 Capacitor
Added Member To Class: ClassName=Sheet1 Member=Component R1 Resistor
Added Member To Class: ClassName=Sheet1 Member=Component R2 Resistor
Added Member To Class: ClassName=Sheet1 Member=Component R3 Resistor
Added Member To Class: ClassName=Sheet1 Member=Component R4 Resistor
Added Member To Class: ClassName=Sheet1 Member=Component R5 Resistor
Added Member To Class: ClassName=Sheet1 Member=Component R6 Resistor
Added Member To Class: ClassName=Sheet1 Member=Component R7 Resistor
Added Member To Class: ClassName=Sheet1 Member=Component R9 Resistor
Added Member To Class: ClassName=Sheet1 Member=Component R10 Resistor
Added Room: Name=Sheet1
