Removed Pin From Net: NetName=V++ Pin=C5-1
Removed Pin From Net: NetName=SIG Pin=C5-2
Removed Pin From Net: NetName=V+ Pin=D2-2
Removed Pin From Net: NetName=V++ Pin=J3-1
Removed Pin From Net: NetName=V++ Pin=J3-2
Removed Pin From Net: NetName=V++ Pin=J4-1
Removed Pin From Net: NetName=V++ Pin=J4-2
Removed Pin From Net: NetName=V- Pin=K1-1
Removed Pin From Net: NetName=V- Pin=R2-2
Added Component: Designator=C6(CAPC2012X08N-805)
Add component. Clean all parameters for all variants
Add component (AddParameter): Name = "value"; Value = "100u"; VariantName = "[No Variations]"
Added Component: Designator=P1(HDR1X4)
Add component. Clean all parameters for all variants
Add component (AddParameter): Name = "LatestRevisionDate"; Value = "17-Jul-2002"; VariantName = "[No Variations]"
Add component (AddParameter): Name = "LatestRevisionNote"; Value = "Re-released for DXP Platform."; VariantName = "[No Variations]"
Add component (AddParameter): Name = "Publisher"; Value = "Altium Limited"; VariantName = "[No Variations]"
Added Component: Designator=P2(HDR1X2)
Add component. Clean all parameters for all variants
Add component (AddParameter): Name = "LatestRevisionDate"; Value = "17-Jul-2002"; VariantName = "[No Variations]"
Add component (AddParameter): Name = "LatestRevisionNote"; Value = "Re-released for DXP Platform."; VariantName = "[No Variations]"
Add component (AddParameter): Name = "Publisher"; Value = "Altium Limited"; VariantName = "[No Variations]"
Added Component: Designator=P3(HDR1X2)
Add component. Clean all parameters for all variants
Add component (AddParameter): Name = "LatestRevisionDate"; Value = "17-Jul-2002"; VariantName = "[No Variations]"
Add component (AddParameter): Name = "LatestRevisionNote"; Value = "Re-released for DXP Platform."; VariantName = "[No Variations]"
Add component (AddParameter): Name = "Publisher"; Value = "Altium Limited"; VariantName = "[No Variations]"
Added Component: Designator=P4(HDR1X4)
Add component. Clean all parameters for all variants
Add component (AddParameter): Name = "LatestRevisionDate"; Value = "17-Jul-2002"; VariantName = "[No Variations]"
Add component (AddParameter): Name = "LatestRevisionNote"; Value = "Re-released for DXP Platform."; VariantName = "[No Variations]"
Add component (AddParameter): Name = "Publisher"; Value = "Altium Limited"; VariantName = "[No Variations]"
Added Component: Designator=P5(HDR1X2)
Add component. Clean all parameters for all variants
Add component (AddParameter): Name = "LatestRevisionDate"; Value = "17-Jul-2002"; VariantName = "[No Variations]"
Add component (AddParameter): Name = "LatestRevisionNote"; Value = "Re-released for DXP Platform."; VariantName = "[No Variations]"
Add component (AddParameter): Name = "Publisher"; Value = "Altium Limited"; VariantName = "[No Variations]"
Added Component: Designator=P6(HDR1X2)
Add component. Clean all parameters for all variants
Add component (AddParameter): Name = "LatestRevisionDate"; Value = "17-Jul-2002"; VariantName = "[No Variations]"
Add component (AddParameter): Name = "LatestRevisionNote"; Value = "Re-released for DXP Platform."; VariantName = "[No Variations]"
Add component (AddParameter): Name = "Publisher"; Value = "Altium Limited"; VariantName = "[No Variations]"
Added Component: Designator=U1(SOT229P700X180-4N)
Add component. Clean all parameters for all variants
Add component (AddParameter): Name = "Availability"; Value = "Not in stock"; VariantName = "[No Variations]"
Add component (AddParameter): Name = "Check_prices"; Value = "https://www.snapeda.com/parts/AMS1117/Advanced+Monolithic+Systems/view-part/?ref=eda"; VariantName = "[No Variations]"
Add component (AddParameter): Name = "MF"; Value = "Advanced Monolithic Systems"; VariantName = "[No Variations]"
Add component (AddParameter): Name = "MP"; Value = "AMS1117"; VariantName = "[No Variations]"
Add component (AddParameter): Name = "Package"; Value = "SOT-223 Seeed Technology"; VariantName = "[No Variations]"
Add component (AddParameter): Name = "Price"; Value = "None"; VariantName = "[No Variations]"
Add component (AddParameter): Name = "SnapEDA_Link"; Value = "https://www.snapeda.com/parts/AMS1117/Advanced+Monolithic+Systems/view-part/?ref=snap"; VariantName = "[No Variations]"
Add component (AddParameter): Name = "Value"; Value = ""; VariantName = "[No Variations]"
Added Component: Designator=U2(DIP880W50P254L2000H510Q16)
Add component. Clean all parameters for all variants
Add component (AddParameter): Name = "Availability"; Value = "In Stock"; VariantName = "[No Variations]"
Add component (AddParameter): Name = "Check_prices"; Value = "https://www.snapeda.com/parts/L293D/STMicroelectronics/view-part/?ref=eda"; VariantName = "[No Variations]"
Add component (AddParameter): Name = "MF"; Value = "STMicroelectronics"; VariantName = "[No Variations]"
Add component (AddParameter): Name = "MP"; Value = "L293D"; VariantName = "[No Variations]"
Add component (AddParameter): Name = "Package"; Value = "DIP-16 STMicroelectronics"; VariantName = "[No Variations]"
Add component (AddParameter): Name = "Price"; Value = "None"; VariantName = "[No Variations]"
Add component (AddParameter): Name = "Purchase-URL"; Value = "https://pricing.snapeda.com/search/part/L293D/?ref=eda"; VariantName = "[No Variations]"
Add component (AddParameter): Name = "SnapEDA_Link"; Value = "https://www.snapeda.com/parts/L293D/STMicroelectronics/view-part/?ref=snap"; VariantName = "[No Variations]"
Add component (AddParameter): Name = "Value"; Value = ""; VariantName = "[No Variations]"
Added Pin To Net: NetName=V-- Pin=C5-1
Added Pin To Net: NetName=V-- Pin=C6-1
Added Pin To Net: NetName=V++ Pin=C6-2
Added Pin To Net: NetName=V+ Pin=P1-1
Added Pin To Net: NetName=V- Pin=P1-2
Added Pin To Net: NetName=ICPCK Pin=P1-3
Added Pin To Net: NetName=ICPDA Pin=P1-4
Added Pin To Net: NetName=NetP2_1 Pin=P2-1
Added Pin To Net: NetName=NetP2_2 Pin=P2-2
Added Pin To Net: NetName=NetP3_1 Pin=P3-1
Added Pin To Net: NetName=NetP3_2 Pin=P3-2
Added Pin To Net: NetName=V++ Pin=P4-1
Added Pin To Net: NetName=V-- Pin=P4-2
Added Pin To Net: NetName=C3 Pin=P4-3
Added Pin To Net: NetName=C1 Pin=P4-4
Added Pin To Net: NetName=V+ Pin=P5-1
Added Pin To Net: NetName=V- Pin=P5-2
Added Pin To Net: NetName=V-- Pin=P6-2
Added Pin To Net: NetName=V-- Pin=U1-1
Added Pin To Net: NetName=V++ Pin=U1-2
Added Pin To Net: NetName=V++ Pin=U1-4
Added Pin To Net: NetName=V++ Pin=U2-1
Added Pin To Net: NetName=C1 Pin=U2-2
Added Pin To Net: NetName=NetP2_1 Pin=U2-3
Added Pin To Net: NetName=V-- Pin=U2-4
Added Pin To Net: NetName=V-- Pin=U2-5
Added Pin To Net: NetName=NetP2_2 Pin=U2-6
Added Pin To Net: NetName=C2 Pin=U2-7
Added Pin To Net: NetName=V++ Pin=U2-9
Added Pin To Net: NetName=C4 Pin=U2-10
Added Pin To Net: NetName=NetP3_1 Pin=U2-11
Added Pin To Net: NetName=V-- Pin=U2-12
Added Pin To Net: NetName=V-- Pin=U2-13
Added Pin To Net: NetName=NetP3_2 Pin=U2-14
Added Pin To Net: NetName=C5 Pin=U2-15
Added Pin To Net: NetName=V++ Pin=U2-16
Change Net Name : Old Net Name=V++ New Net Name=5v
Added Pin To Net: NetName=V++ Pin=C5-2
Added Pin To Net: NetName=V++ Pin=P6-1
Added Pin To Net: NetName=V++ Pin=U1-3
Added Pin To Net: NetName=V++ Pin=U2-8
Added Net: Name=V++
Added Member To Class: ClassName=Sheet1 Member=Component C5 Capacitor
Added Member To Class: ClassName=Sheet1 Member=Component C6 Capacitor
Added Member To Class: ClassName=Sheet1 Member=Component P1 Header 4
Added Member To Class: ClassName=Sheet1 Member=Component P2 Header 2
Added Member To Class: ClassName=Sheet1 Member=Component P3 Header 2
Added Member To Class: ClassName=Sheet1 Member=Component P4 Header 4
Added Member To Class: ClassName=Sheet1 Member=Component P5 Header 2
Added Member To Class: ClassName=Sheet1 Member=Component P6 Header 2
Added Member To Class: ClassName=Sheet1 Member=Component S4 TS04-66-95-BK-100-SMT
Added Member To Class: ClassName=Sheet1 Member=Component U1 AMS1117
Added Member To Class: ClassName=Sheet1 Member=Component U2 L293D
